d:\softwareprojects\gamesystems\gamesystems\ecosim\output\x64\debug\intermediate\vc143.pdb
d:\softwareprojects\gamesystems\gamesystems\ecosim\output\x64\debug\intermediate\vc143.idb
d:\softwareprojects\gamesystems\gamesystems\ecosim\output\x64\debug\intermediate\main.obj
d:\softwareprojects\gamesystems\gamesystems\ecosim\output\x64\debug\intermediate\imguilayerport.obj
d:\softwareprojects\gamesystems\gamesystems\ecosim\output\x64\debug\intermediate\entitymanagerport.obj
d:\softwareprojects\gamesystems\gamesystems\ecosim\output\x64\debug\intermediate\defaultport.obj
d:\softwareprojects\gamesystems\gamesystems\ecosim\output\x64\debug\intermediate\boilerplateport.obj
d:\softwareprojects\gamesystems\gamesystems\ecosim\output\x64\debug\intermediate\actionslistport.obj
d:\softwareprojects\gamesystems\gamesystems\ecosim\output\x64\debug\intermediate\imgui_impl_opengl2.obj
d:\softwareprojects\gamesystems\gamesystems\ecosim\output\x64\debug\intermediate\imgui_impl_glfw.obj
d:\softwareprojects\gamesystems\gamesystems\ecosim\output\x64\debug\intermediate\imgui_widgets.obj
d:\softwareprojects\gamesystems\gamesystems\ecosim\output\x64\debug\intermediate\imgui_tables.obj
d:\softwareprojects\gamesystems\gamesystems\ecosim\output\x64\debug\intermediate\imgui_draw.obj
d:\softwareprojects\gamesystems\gamesystems\ecosim\output\x64\debug\intermediate\imgui_demo.obj
d:\softwareprojects\gamesystems\gamesystems\ecosim\output\x64\debug\intermediate\imgui.obj
d:\softwareprojects\gamesystems\gamesystems\ecosim\output\x64\debug\main\ecosim.exe
d:\softwareprojects\gamesystems\gamesystems\ecosim\output\x64\debug\intermediate\ecosim.ilk
d:\softwareprojects\gamesystems\gamesystems\ecosim\output\x64\debug\main\ecosim.pdb
d:\softwareprojects\gamesystems\gamesystems\ecosim\output\x64\debug\intermediate\ecosim.tlog\cl.command.1.tlog
d:\softwareprojects\gamesystems\gamesystems\ecosim\output\x64\debug\intermediate\ecosim.tlog\cl.read.1.tlog
d:\softwareprojects\gamesystems\gamesystems\ecosim\output\x64\debug\intermediate\ecosim.tlog\cl.write.1.tlog
d:\softwareprojects\gamesystems\gamesystems\ecosim\output\x64\debug\intermediate\ecosim.tlog\link.command.1.tlog
d:\softwareprojects\gamesystems\gamesystems\ecosim\output\x64\debug\intermediate\ecosim.tlog\link.read.1.tlog
d:\softwareprojects\gamesystems\gamesystems\ecosim\output\x64\debug\intermediate\ecosim.tlog\link.write.1.tlog
