d:\software projects\gamesystems\gamesystems\demowithgui\debug\vc143.pdb
d:\software projects\gamesystems\gamesystems\demowithgui\debug\vc143.idb
d:\software projects\gamesystems\gamesystems\demowithgui\debug\main.obj
d:\software projects\gamesystems\gamesystems\demowithgui\debug\imgui_impl_opengl2.obj
d:\software projects\gamesystems\gamesystems\demowithgui\debug\imgui_impl_glfw.obj
d:\software projects\gamesystems\gamesystems\demowithgui\debug\imgui_widgets.obj
d:\software projects\gamesystems\gamesystems\demowithgui\debug\imgui_tables.obj
d:\software projects\gamesystems\gamesystems\demowithgui\debug\imgui_draw.obj
d:\software projects\gamesystems\gamesystems\demowithgui\debug\imgui_demo.obj
d:\software projects\gamesystems\gamesystems\demowithgui\debug\imgui.obj
d:\software projects\gamesystems\gamesystems\demowithgui\debug\demowithgui.ilk
d:\software projects\gamesystems\gamesystems\demowithgui\debug\demowithgui.exe
d:\software projects\gamesystems\gamesystems\demowithgui\debug\demowithgui.pdb
d:\software projects\gamesystems\gamesystems\demowithgui\debug\demo.ilk
d:\software projects\gamesystems\gamesystems\demowithgui\debug\demo.pdb
d:\software projects\gamesystems\gamesystems\demowithgui\debug\demowithgui.vcxproj.filelistabsolute.txt
d:\software projects\gamesystems\gamesystems\demowithgui\debug\demowithgui.tlog\cl.command.1.tlog
d:\software projects\gamesystems\gamesystems\demowithgui\debug\demowithgui.tlog\cl.read.1.tlog
d:\software projects\gamesystems\gamesystems\demowithgui\debug\demowithgui.tlog\cl.write.1.tlog
d:\software projects\gamesystems\gamesystems\demowithgui\debug\demowithgui.tlog\link.command.1.tlog
d:\software projects\gamesystems\gamesystems\demowithgui\debug\demowithgui.tlog\link.read.1.tlog
d:\software projects\gamesystems\gamesystems\demowithgui\debug\demowithgui.tlog\link.write.1.tlog
